<?xml version="1.0" encoding="UTF-8"?>
<!-- Generated by org.testng.reporters.JUnitXMLReporter -->
<testsuite ignored="0" hostname="LAPTOP-PPUC8LJE" failures="1" tests="5" name="Test2" time="65.977" errors="0" timestamp="2023-10-25T11:13:55 IST">
  <testcase classname="organizationTests.CreaateMultipleOrganizationTest" name="createMultipleOrg" time="6.512"/>
  <testcase classname="organizationTests.CreaateMultipleOrganizationTest" name="createMultipleOrg" time="5.705"/>
  <testcase classname="organizationTests.CreaateMultipleOrganizationTest" name="createMultipleOrg" time="5.841"/>
  <testcase classname="organizationTests.CreaateMultipleOrganizationTest" name="createMultipleOrg" time="13.624">
    <failure type="org.openqa.selenium.NoSuchElementException" message="Cannot locate option with value: Edddducation
For documentation on this error, please visit: https://www.seleniumhq.org/exceptions/no_such_element.html
Build info: version: &amp;apos;3.141.59&amp;apos;, revision: &amp;apos;e82be7d358&amp;apos;, time: &amp;apos;2018-11-14T08:17:03&amp;apos;
System info: host: &amp;apos;LAPTOP-PPUC8LJE&amp;apos;, ip: &amp;apos;192.168.109.1&amp;apos;, os.name: &amp;apos;Windows 11&amp;apos;, os.arch: &amp;apos;amd64&amp;apos;, os.version: &amp;apos;10.0&amp;apos;, java.version: &amp;apos;17.0.7&amp;apos;
Driver info: driver.version: unknown">
      <![CDATA[org.openqa.selenium.NoSuchElementException: Cannot locate option with value: Edddducation
For documentation on this error, please visit: https://www.seleniumhq.org/exceptions/no_such_element.html
Build info: version: '3.141.59', revision: 'e82be7d358', time: '2018-11-14T08:17:03'
System info: host: 'LAPTOP-PPUC8LJE', ip: '192.168.109.1', os.name: 'Windows 11', os.arch: 'amd64', os.version: '10.0', java.version: '17.0.7'
Driver info: driver.version: unknown
at org.openqa.selenium.support.ui.Select.findOptionsByValue(Select.java:283)
at org.openqa.selenium.support.ui.Select.selectByValue(Select.java:186)
at genericUtilities.WebDriverUtility.handleDropDown(WebDriverUtility.java:110)
at objectReposatry.CreateOrganizationPage.createNewOrganization(CreateOrganizationPage.java:88)
at organizationTests.CreaateMultipleOrganizationTest.createMultipleOrg(CreaateMultipleOrganizationTest.java:44)
at java.base/java.util.ArrayList.forEach(ArrayList.java:1511)
at java.base/java.util.concurrent.FutureTask.run(FutureTask.java:264)
at java.base/java.util.concurrent.ThreadPoolExecutor.runWorker(ThreadPoolExecutor.java:1136)
at java.base/java.util.concurrent.ThreadPoolExecutor$Worker.run(ThreadPoolExecutor.java:635)
at java.base/java.lang.Thread.run(Thread.java:833)
... Removed 17 stack frames]]>
    </failure>
  </testcase> <!-- createMultipleOrg -->
  <testcase classname="organizationTests.CreaateMultipleOrganizationTest" name="createMultipleOrg" time="5.462"/>
</testsuite> <!-- Test2 -->
